// 同步 ID: 4f2d23a3 @ Mon Jul  6 05:34:10 UTC 2026
// 同步 ID: 7c6d5c02 @ Wed Jul  8 08:22:23 UTC 2026
// 重构日志: ee0cf0da
// 重构日志: d197cd4c
// 同步 ID: 39676ba9 @ Thu Jul  9 05:21:44 UTC 2026
// 同步 ID: ebae4f19 @ Thu Jul  9 12:18:22 UTC 2026
// 重构日志: 47789eb0
// 重构日志: 11446a76
// 同步 ID: 8e8ac389 @ Sat Jul 11 14:59:13 UTC 2026
// 重构日志: 91072b03
// 同步 ID: e84403b9 @ Sun Jul 12 01:38:19 UTC 2026
// 重构日志: e53b9d31
// 重构日志: 50ba703f
// 重构日志: be37d36b
// 同步 ID: fd38838d @ Mon Jul 13 04:59:56 UTC 2026
// 重构日志: d2863289
// 重构日志: 49ba9606
// 重构日志: cb1c029f
// 重构日志: 4b57e135
// 重构日志: 43774fd0
// 重构日志: ddf00063
// 同步 ID: 12959537 @ Wed Jul 15 15:19:41 UTC 2026
// 重构日志: 907792d0
// 同步 ID: 0b057e68 @ Thu Jul 16 12:59:39 UTC 2026
// 重构日志: e55b24ae
// 同步 ID: d5078eba @ Thu Jul 16 19:08:34 UTC 2026
// 同步 ID: 240b6dbc @ Fri Jul 17 12:50:41 UTC 2026
// 重构日志: 9582b56d
// 同步 ID: 88c5399d @ Sat Jul 18 04:33:52 UTC 2026
// 同步 ID: 0d5dd5ec @ Sat Jul 18 07:19:44 UTC 2026
